2019-12-20 00:27:46.578  INFO 6444 --- [main] org.qasimovey.MobileAppWsApplication     : Starting MobileAppWsApplication on ASPIRE5 with PID 6444 (C:\Users\Admin\Documents\workspace-spring-tool-suite-4-4.2.2.RELEASE\mobile-app-ws\target\classes started by egasimov in C:\Users\Admin\Documents\workspace-spring-tool-suite-4-4.2.2.RELEASE\mobile-app-ws)
2019-12-20 00:27:46.586  INFO 6444 --- [main] org.qasimovey.MobileAppWsApplication     : No active profile set, falling back to default profiles: default
2019-12-20 00:27:47.974  INFO 6444 --- [main] o.s.b.w.embedded.tomcat.TomcatWebServer  : Tomcat initialized with port(s): 9999 (http)
2019-12-20 00:27:47.989  INFO 6444 --- [main] o.apache.catalina.core.StandardService   : Starting service [Tomcat]
2019-12-20 00:27:47.989  INFO 6444 --- [main] org.apache.catalina.core.StandardEngine  : Starting Servlet engine: [Apache Tomcat/9.0.29]
2019-12-20 00:27:48.098  INFO 6444 --- [main] o.a.c.c.C.[Tomcat].[localhost].[/]       : Initializing Spring embedded WebApplicationContext
2019-12-20 00:27:48.100  INFO 6444 --- [main] o.s.web.context.ContextLoader            : Root WebApplicationContext: initialization completed in 1405 ms
2019-12-20 00:27:48.472  INFO 6444 --- [main] o.s.s.concurrent.ThreadPoolTaskExecutor  : Initializing ExecutorService 'applicationTaskExecutor'
2019-12-20 00:27:48.928  INFO 6444 --- [main] o.s.b.w.embedded.tomcat.TomcatWebServer  : Tomcat started on port(s): 9999 (http) with context path ''
2019-12-20 00:27:48.938  INFO 6444 --- [main] org.qasimovey.MobileAppWsApplication     : Started MobileAppWsApplication in 3.013 seconds (JVM running for 4.252)
2019-12-20 00:28:18.219  INFO 6444 --- [RMI TCP Connection(9)-127.0.0.1] inMXBeanRegistrar$SpringApplicationAdmin : Application shutdown requested.
2019-12-20 00:28:18.222  INFO 6444 --- [RMI TCP Connection(9)-127.0.0.1] o.s.s.concurrent.ThreadPoolTaskExecutor  : Shutting down ExecutorService 'applicationTaskExecutor'
2019-12-20 00:28:24.715  INFO 6596 --- [main] org.qasimovey.MobileAppWsApplication     : Starting MobileAppWsApplication on ASPIRE5 with PID 6596 (C:\Users\Admin\Documents\workspace-spring-tool-suite-4-4.2.2.RELEASE\mobile-app-ws\target\classes started by egasimov in C:\Users\Admin\Documents\workspace-spring-tool-suite-4-4.2.2.RELEASE\mobile-app-ws)
2019-12-20 00:28:24.719  INFO 6596 --- [main] org.qasimovey.MobileAppWsApplication     : No active profile set, falling back to default profiles: default
2019-12-20 00:28:26.508  INFO 6596 --- [main] o.s.b.w.embedded.tomcat.TomcatWebServer  : Tomcat initialized with port(s): 9999 (http)
2019-12-20 00:28:26.524  INFO 6596 --- [main] o.apache.catalina.core.StandardService   : Starting service [Tomcat]
2019-12-20 00:28:26.524  INFO 6596 --- [main] org.apache.catalina.core.StandardEngine  : Starting Servlet engine: [Apache Tomcat/9.0.29]
2019-12-20 00:28:26.651  INFO 6596 --- [main] o.a.c.c.C.[Tomcat].[localhost].[/]       : Initializing Spring embedded WebApplicationContext
2019-12-20 00:28:26.652  INFO 6596 --- [main] o.s.web.context.ContextLoader            : Root WebApplicationContext: initialization completed in 1868 ms
2019-12-20 00:28:26.944  INFO 6596 --- [main] o.s.s.concurrent.ThreadPoolTaskExecutor  : Initializing ExecutorService 'applicationTaskExecutor'
2019-12-20 00:28:27.206  INFO 6596 --- [main] o.s.b.w.embedded.tomcat.TomcatWebServer  : Tomcat started on port(s): 9999 (http) with context path ''
2019-12-20 00:28:27.208  INFO 6596 --- [main] org.qasimovey.MobileAppWsApplication     : Started MobileAppWsApplication in 3.135 seconds (JVM running for 4.345)
2019-12-20 00:28:45.294  INFO 6596 --- [RMI TCP Connection(6)-127.0.0.1] inMXBeanRegistrar$SpringApplicationAdmin : Application shutdown requested.
2019-12-20 00:28:45.297  INFO 6596 --- [RMI TCP Connection(6)-127.0.0.1] o.s.s.concurrent.ThreadPoolTaskExecutor  : Shutting down ExecutorService 'applicationTaskExecutor'
